[dennissnellenberg.com/index.html]
[backblue.gif]
[fade.gif]
[index.html]
[dennissnellenberg.com/media/site/89d468b455-1646837228/meta-image-dennis-snellenberg-860x540-crop-q72.jpg]
[dennissnellenberg.com/assets/fonts/NeueMontreal-Regular.otf]
[external.html]
[dennissnellenberg.com/media/pages/work/aanstekelijk/969735fdae-1687423090/thumbnail-aanstekelijk-810x810-crop-q72.jpg]
[dennissnellenberg.com/media/pages/work/base-create/d624ca5b30-1680179645/thumbnail-base-desktop-810x810-crop-q72.jpg]
[dennissnellenberg.com/media/pages/work/avvr/749e371f06-1672918357/thumbnail-avvr-v2-810x810-crop-q72.jpg]
[dennissnellenberg.com/media/pages/work/graphichunters/9c34386c6b-1660128857/thumbnail-gh-810x810-crop-q72.jpg]
[dennissnellenberg.com/work.html]
[dennissnellenberg.com/about.html]
[dennissnellenberg.com/contact.html]
[dennissnellenberg.com/assets/img/DSC07033.jpg]
[dennissnellenberg.com/work/aanstekelijk.html]
[dennissnellenberg.com/work/base-create.html]
[dennissnellenberg.com/work/avvr.html]
[dennissnellenberg.com/work/graphichunters.html]
[dennissnellenberg.com/media/pages/work/aanstekelijk/969735fdae-1687423090/thumbnail-aanstekelijk.jpg]
[dennissnellenberg.com/media/pages/work/base-create/d624ca5b30-1680179645/thumbnail-base-desktop.jpg]
[dennissnellenberg.com/media/pages/work/avvr/749e371f06-1672918357/thumbnail-avvr-v2.jpg]
[dennissnellenberg.com/media/pages/work/graphichunters/9c34386c6b-1660128857/thumbnail-gh.jpg]
[dennissnellenberg.com/assets/img/home-item-1.jpg]
[dennissnellenberg.com/assets/img/home-item-2.mp4]
[dennissnellenberg.com/assets/img/home-item-3.jpg]
[dennissnellenberg.com/assets/img/home-item-4.mp4]
[dennissnellenberg.com/assets/img/home-item-5.mp4]
[dennissnellenberg.com/assets/img/home-item-6.jpg]
[dennissnellenberg.com/assets/img/home-item-7.mp4]
[dennissnellenberg.com/assets/img/home-item-8.jpg]
[code.jquery.com/jquery-3.5.1.min.js]
[cdnjs.cloudflare.com/ajax/libs/js-cookie/2.2.0/js.cookie.min.js]
[cdnjs.cloudflare.com/ajax/libs/gsap/3.9.1/gsap.min.js]
[cdnjs.cloudflare.com/ajax/libs/gsap/3.9.1/ScrollTrigger.min.js]
[cdn.jsdelivr.net/npm/vanilla-lazyload@17.6.1/dist/lazyload.min.js]
[dennissnellenberg.com/assets/js/locomotive-scroll.min.js]
[dennissnellenberg.com/assets/js/index-new.js]
[dennissnellenberg.com/index.html]
[dennissnellenberg.com/assets/css/normalize.css]
[dennissnellenberg.com/assets/css/locomotive-scroll.css]
[dennissnellenberg.com/assets/fonts/NeueMontreal-Light.otf]
[dennissnellenberg.com/assets/fonts/NeueMontreal-LightItalic.otf]
[dennissnellenberg.com/assets/fonts/NeueMontreal-Italic.otf]
[dennissnellenberg.com/assets/fonts/NeueMontreal-Bold.otf]
[dennissnellenberg.com/assets/fonts/NeueMontreal-BoldItalic.otf]
[dennissnellenberg.com/assets/css/styleguide.css]
[dennissnellenberg.com/assets/img/DSC07033-Cut-Color-1080.jpg]
[dennissnellenberg.com/assets/css/components.css]
[dennissnellenberg.com/assets/img/DSC07312-2.jpg]
[dennissnellenberg.com/assets/img/DSC07292.jpg]
[dennissnellenberg.com/assets/css/style-new.css]
[dennissnellenberg.com/assets/img/DSC07079.jpg]
[dennissnellenberg.com/media/pages/work/future-goals/6d527b617e-1653057688/thumbnail-futuregoals-810x810-crop-q72.jpg]
[dennissnellenberg.com/media/pages/work/atypikal/13ebf8252f-1646837277/thumbnail-atypikal-810x810-crop-q72.jpg]
[dennissnellenberg.com/media/pages/work/micdrop-agency/5d1311308d-1646837247/thumbnail-micdrop-810x810-crop-q72.jpg]
[dennissnellenberg.com/media/pages/work/tapsody/42e9ce86c5-1646837238/thumbnail-tapsody-v5-810x810-crop-q72.jpg]
[dennissnellenberg.com/media/pages/work/emble-studio/d6ca86eb86-1646837261/thumbnail-emble-yellow-810x810-crop-q72.jpg]
[dennissnellenberg.com/media/pages/work/one-nil/288460827e-1646837272/thumbnail-onenil-v3-810x810-crop-q72.jpg]
[dennissnellenberg.com/media/pages/work/chainn/1a845ccde8-1646837292/thumbnail-chainn-810x810-crop-q72.jpg]
[dennissnellenberg.com/media/pages/work/andy-hardy/05dae0f41a-1646837253/thumbnail-andyhardy-810x810-crop-q72.jpg]
[dennissnellenberg.com/media/pages/work/sunlight/f5cc94db55-1646837283/thumbnail-sunlight-v3-810x810-crop-q72.jpg]
[dennissnellenberg.com/work/future-goals.html]
[dennissnellenberg.com/work/atypikal.html]
[dennissnellenberg.com/work/micdrop-agency.html]
[dennissnellenberg.com/work/tapsody.html]
[dennissnellenberg.com/work/emble-studio.html]
[dennissnellenberg.com/work/one-nil.html]
[dennissnellenberg.com/work/chainn.html]
[dennissnellenberg.com/work/andy-hardy.html]
[dennissnellenberg.com/work/sunlight.html]
[dennissnellenberg.com/media/pages/work/future-goals/6d527b617e-1653057688/thumbnail-futuregoals.jpg]
[dennissnellenberg.com/media/pages/work/atypikal/13ebf8252f-1646837277/thumbnail-atypikal.jpg]
[dennissnellenberg.com/media/pages/work/micdrop-agency/5d1311308d-1646837247/thumbnail-micdrop.jpg]
[dennissnellenberg.com/media/pages/work/tapsody/42e9ce86c5-1646837238/thumbnail-tapsody-v5.jpg]
[dennissnellenberg.com/media/pages/work/emble-studio/d6ca86eb86-1646837261/thumbnail-emble-yellow.jpg]
[dennissnellenberg.com/media/pages/work/one-nil/288460827e-1646837272/thumbnail-onenil-v3.jpg]
[dennissnellenberg.com/media/pages/work/chainn/1a845ccde8-1646837292/thumbnail-chainn.jpg]
[dennissnellenberg.com/media/pages/work/andy-hardy/05dae0f41a-1646837253/thumbnail-andyhardy.jpg]
[dennissnellenberg.com/media/pages/work/sunlight/f5cc94db55-1646837283/thumbnail-sunlight-v3.jpg]
[dennissnellenberg.com/work.html]
[dennissnellenberg.com/archive.html]
[dennissnellenberg.com/media/pages/about/d289927735-1646837228/meta-dennis-about-860x540-crop-q72.jpg]
[dennissnellenberg.com/about.html]
[dennissnellenberg.com/contact.html]
[dennissnellenberg.com/media/pages/work/aanstekelijk/969735fdae-1687423090/thumbnail-aanstekelijk-860x540-crop-q72.jpg]
[dennissnellenberg.com/media/pages/work/aanstekelijk/af63b3c5a2-1680160244/case-header-aanstekelijk-540x.jpg]
[dennissnellenberg.com/media/pages/work/aanstekelijk/dbab645cfc-1680160784/aanstekelijk-home-scroll.mp4]
[dennissnellenberg.com/assets/img/device-mbp-16-lower-nonotch.png]
[dennissnellenberg.com/media/pages/work/aanstekelijk/856a85e629-1680161403/aanstekelijk-navigation.mp4]
[dennissnellenberg.com/media/pages/work/aanstekelijk/dfd55dc9b9-1680161125/aanstekelijk-about-1-540x.jpg]
[dennissnellenberg.com/media/pages/work/aanstekelijk/371e46b305-1680162198/aanstekelijk-work-slider.mp4]
[dennissnellenberg.com/assets/img/device-mbp-16-lower.png]
[dennissnellenberg.com/work/aanstekelijk.html]
[dennissnellenberg.com/media/pages/work/aanstekelijk/f67cca0ce4-1680162451/aanstekelijk-contact.mp4]
[dennissnellenberg.com/media/pages/work/base-create/6f57a8fab4-1680180571/case-header-base-v2-540x.jpg]
[dennissnellenberg.com/media/pages/work/base-create/01a0372f0e-1680181224/base-home-desktop.mp4]
[dennissnellenberg.com/assets/img/device-mbp-15-nonotch.png]
[dennissnellenberg.com/media/pages/work/base-create/26ede1ed8f-1680181182/base-nothing-phone-540x.jpg]
[dennissnellenberg.com/media/pages/work/base-create/8080cfa7f6-1680181564/base-news.mp4]
[dennissnellenberg.com/media/pages/work/base-create/19415e76d8-1680181783/base-mbp-1-540x.jpg]
[dennissnellenberg.com/work/base-create.html]
[dennissnellenberg.com/media/pages/work/base-create/f5dce5d8bd-1680181631/base-case.mp4]
[dennissnellenberg.com/media/pages/work/avvr/749e371f06-1672918357/thumbnail-avvr-v2-860x540-crop-q72.jpg]
[dennissnellenberg.com/media/pages/work/avvr/5a0093a3a2-1672818555/avvr-006-resized-540x.jpg]
[dennissnellenberg.com/media/pages/work/avvr/10e81a5322-1672821256/avvr-scroll-home.mp4]
[dennissnellenberg.com/media/pages/work/avvr/5550eae92b-1672819746/mobile-screen-avvr-1-540x.jpg]
[dennissnellenberg.com/assets/img/device-iphone14.png]
[dennissnellenberg.com/media/pages/work/avvr/87a931cb3b-1672820127/mobile-screen-avvr-2-540x.jpg]
[dennissnellenberg.com/media/pages/work/avvr/27d552957f-1672820988/mobile-screen-avvr-3-540x.jpg]
[dennissnellenberg.com/media/pages/work/avvr/5b092fe3bd-1672818970/avvr-007-resized-540x.jpg]
[dennissnellenberg.com/media/pages/work/avvr/7ea77d8d11-1672823965/avvr-scroll-news-2.mp4]
[dennissnellenberg.com/work/avvr.html]
[dennissnellenberg.com/media/pages/work/avvr/c939f52f38-1672823179/avvr-scroll-about.mp4]
[dennissnellenberg.com/media/pages/work/graphichunters/9c34386c6b-1660128857/thumbnail-gh-860x540-crop-q72.jpg]
[dennissnellenberg.com/media/pages/work/graphichunters/5ce1b5e402-1660130965/case-header-back-gh-540x.jpg]
[dennissnellenberg.com/media/pages/work/graphichunters/0d38a90c42-1660129669/loading-gh.mp4]
[dennissnellenberg.com/media/pages/work/graphichunters/d388a9bd21-1660131665/rotate-g-small.mp4]
[dennissnellenberg.com/media/pages/work/graphichunters/0c20cc288a-1660130661/screen-1-540x.jpg]
[dennissnellenberg.com/media/pages/work/graphichunters/66420a2d98-1660130665/screen-2-540x.jpg]
[dennissnellenberg.com/media/pages/work/graphichunters/376a4b4467-1660130670/screen-3-540x.jpg]
[dennissnellenberg.com/work/graphichunters.html]
[dennissnellenberg.com/assets/img/form-checkmark.svg]
[dennissnellenberg.com/assets/img/dotted.svg]
[dennissnellenberg.com/media/pages/work/graphichunters/33396b9552-1660130224/archive-gh.mp4]
[dennissnellenberg.com/media/pages/work/future-goals/6d527b617e-1653057688/thumbnail-futuregoals-860x540-crop-q72.jpg]
[dennissnellenberg.com/media/pages/work/future-goals/550a208989-1653053706/futuregoals-case-header-540x.jpg]
[dennissnellenberg.com/media/pages/work/future-goals/3bb90e0d2f-1653054674/future-goals-screen.mp4]
[dennissnellenberg.com/assets/img/device-ipad-pro-lower.png]
[dennissnellenberg.com/media/pages/work/future-goals/6e2208b2fb-1653055060/full-size-1-540x.jpg]
[dennissnellenberg.com/media/pages/work/future-goals/c82acf575e-1653055451/screen-rec-mob.mp4]
[dennissnellenberg.com/assets/img/device-iphone13-nonotch.png]
[dennissnellenberg.com/media/pages/work/future-goals/ba5d61773e-1653055387/futuregoals-screen-2-540x.jpg]
[dennissnellenberg.com/media/pages/work/future-goals/0e26895dd4-1653055393/futuregoals-screen-3-540x.jpg]
[dennissnellenberg.com/media/pages/work/future-goals/6dbd992fcd-1653056956/high_headerfuturegoals-1.mp4]
[dennissnellenberg.com/work/future-goals.html]
[dennissnellenberg.com/media/pages/work/future-goals/483aa7da93-1653055959/photo-gallery-big-540x.jpg]
[dennissnellenberg.com/media/pages/work/atypikal/13ebf8252f-1646837277/thumbnail-atypikal-860x540-crop-q72.jpg]
[dennissnellenberg.com/media/pages/work/atypikal/019f0a529e-1646837280/atypikal-case-header-540x.jpg]
[dennissnellenberg.com/media/pages/work/atypikal/c8b659d5f7-1646837282/atypikal-screen-scroll.mp4]
[dennissnellenberg.com/assets/img/device-macpro-higher.png]
[dennissnellenberg.com/media/pages/work/atypikal/db392c08ff-1646837279/atypikal-screen-mobile-load.mp4]
[dennissnellenberg.com/media/pages/work/atypikal/a44fea97e5-1646837279/atypikal-mobile-2-540x.jpg]
[dennissnellenberg.com/media/pages/work/atypikal/d613d611b2-1646837277/atypikal-mobile-footer.mp4]
[dennissnellenberg.com/media/pages/work/atypikal/fde4545392-1646837280/atypikal-screen-footer.mp4]
[dennissnellenberg.com/work/atypikal.html]
[dennissnellenberg.com/assets/img/device-apple-pencil.png]
[dennissnellenberg.com/media/pages/work/micdrop-agency/5d1311308d-1646837247/thumbnail-micdrop-860x540-crop-q72.jpg]
[dennissnellenberg.com/media/pages/work/micdrop-agency/72060ecb81-1646837246/micdrop-case-header-540x.jpg]
[dennissnellenberg.com/media/pages/work/micdrop-agency/5dc167a7f3-1646837246/micdrop-screen-load.mp4]
[dennissnellenberg.com/media/pages/work/micdrop-agency/4dfa1105de-1646837244/micdrop-screen-home.mp4]
[dennissnellenberg.com/media/pages/work/micdrop-agency/00589a7167-1646837247/micdrop-010-540x.jpg]
[dennissnellenberg.com/media/pages/work/micdrop-agency/324c79515e-1646837245/micdrop-mobile-1-540x.jpg]
[dennissnellenberg.com/media/pages/work/micdrop-agency/538d24de21-1646837244/micdrop-mobile-2-540x.jpg]
[dennissnellenberg.com/media/pages/work/micdrop-agency/12d984f472-1646837244/micdrop-mobile-3-540x.jpg]
[dennissnellenberg.com/work/micdrop-agency.html]
[dennissnellenberg.com/media/pages/work/micdrop-agency/5f6de5b54e-1646837245/micdrop-screen-nav.mp4]
[dennissnellenberg.com/media/pages/work/tapsody/42e9ce86c5-1646837238/thumbnail-tapsody-v5-860x540-crop-q72.jpg]
[dennissnellenberg.com/media/pages/work/tapsody/007f91d4cc-1646837239/richie-lugo-usc6z5ajevm-unsplash-edit-540x.jpg]
[dennissnellenberg.com/media/pages/work/tapsody/4c9dbefaaa-1646837237/venue-marketplace-no-scroll-540x.jpg]
[dennissnellenberg.com/assets/img/device-iphone13.png]
[dennissnellenberg.com/media/pages/work/tapsody/172867d3ae-1646837235/venue-inbox-delete-message-540x.jpg]
[dennissnellenberg.com/media/pages/work/tapsody/b8496bc904-1646837240/venue-bookings-calendar-540x.jpg]
[dennissnellenberg.com/media/pages/work/tapsody/858d530d27-1646837242/tapsody-bg-video.mp4]
[dennissnellenberg.com/media/pages/work/tapsody/a3befed272-1646837238/tapsody-screen-home.mp4]
[dennissnellenberg.com/media/pages/work/tapsody/d215251a27-1646837233/tapsody-screen-scroll.mp4]
[dennissnellenberg.com/media/pages/work/tapsody/d4ee755892-1646837241/tapsody-screen-book.mp4]
[dennissnellenberg.com/media/pages/work/tapsody/0750fbe762-1646837237/tapsody-010-color-540x.jpg]
[dennissnellenberg.com/work/tapsody.html]
[dennissnellenberg.com/media/pages/work/tapsody/c48f524072-1646837236/tapsody-social-instagram-540x.jpg]
[dennissnellenberg.com/media/pages/work/emble-studio/d6ca86eb86-1646837261/thumbnail-emble-yellow-860x540-crop-q72.jpg]
[dennissnellenberg.com/media/pages/work/emble-studio/d88ac16d0c-1646837257/karuna-emily-14-1500-540x.jpg]
[dennissnellenberg.com/media/pages/work/emble-studio/20e0a7d44a-1646837259/emble-screen-load.mp4]
[dennissnellenberg.com/media/pages/work/emble-studio/e96ee8e335-1646837261/scott-x-dean-lucas-by-riley-matthews-24-mini-540x.jpg]
[dennissnellenberg.com/media/pages/work/emble-studio/4883c9e9e9-1646837262/emble-screen-case.mp4]
[dennissnellenberg.com/media/pages/work/emble-studio/ff77aefbf6-1646837264/emble-screen-graphic.mp4]
[dennissnellenberg.com/media/pages/work/emble-studio/e1b77d9258-1646837262/emble-falls-creek-summer-36-540x.jpg]
[dennissnellenberg.com/work/emble-studio.html]
[dennissnellenberg.com/media/pages/work/emble-studio/2d004cd51c-1646837260/emble-screen-team.mp4]
[dennissnellenberg.com/media/pages/work/one-nil/288460827e-1646837272/thumbnail-onenil-v3-860x540-crop-q72.jpg]
[dennissnellenberg.com/media/pages/work/one-nil/eab8a1f9e0-1646837269/image-case-onenil-v2-540x.jpg]
[dennissnellenberg.com/media/pages/work/one-nil/48db0808ea-1646837267/onenil-screen-load.mp4]
[dennissnellenberg.com/media/pages/work/one-nil/4cd9bd35fb-1646837271/onenil-screen-mobile-cases.mp4]
[dennissnellenberg.com/media/pages/work/one-nil/d2d402c560-1646837270/onenil-screen-archive-540x.jpg]
[dennissnellenberg.com/media/pages/work/one-nil/d8aa6ace03-1646837276/onenil-screen-mobile-contact.mp4]
[dennissnellenberg.com/media/pages/work/one-nil/86e707f8d6-1646837266/onenil-laptop-540x.jpg]
[dennissnellenberg.com/media/pages/work/one-nil/26601c386e-1646837270/parallax-archive-540x.jpg]
[dennissnellenberg.com/media/pages/work/one-nil/475502238f-1646837270/onenil-screen-nav.mp4]
[dennissnellenberg.com/work/one-nil.html]
[dennissnellenberg.com/media/pages/work/chainn/1a845ccde8-1646837292/thumbnail-chainn-860x540-crop-q72.jpg]
[dennissnellenberg.com/media/pages/work/chainn/e9aee2730d-1646837291/chainn-case-header-540x.jpg]
[dennissnellenberg.com/media/pages/work/chainn/4a7e4c61e7-1646837290/chainn-screen-load.mp4]
[dennissnellenberg.com/media/pages/work/chainn/ea88d9dc9e-1646837295/chainnmobile-1-540x.jpg]
[dennissnellenberg.com/media/pages/work/chainn/24b5bd02cc-1646837295/chainnmobile-2-540x.jpg]
[dennissnellenberg.com/media/pages/work/chainn/1ae45a98b7-1646837295/chainn-screen-mobile-nav.mp4]
[dennissnellenberg.com/media/pages/work/chainn/9097841971-1646837291/lechugas-web-5-540x.jpg]
[dennissnellenberg.com/media/pages/work/chainn/1a316ef92a-1646837289/chainn-screen-scroll.mp4]
[dennissnellenberg.com/work/chainn.html]
[dennissnellenberg.com/media/pages/work/chainn/a2c488a116-1646837293/chainn-screen-jobs.mp4]
[dennissnellenberg.com/media/pages/work/andy-hardy/05dae0f41a-1646837253/thumbnail-andyhardy-860x540-crop-q72.jpg]
[dennissnellenberg.com/media/pages/work/andy-hardy/d70aa416d7-1646837251/image-case-andy-540x.png]
[dennissnellenberg.com/media/pages/work/andy-hardy/1210a3aa5b-1646837250/landscape-background-small-540x.jpg]
[dennissnellenberg.com/media/pages/work/andy-hardy/eba496afa5-1646837250/landscape-andy-540x.png]
[dennissnellenberg.com/media/pages/work/andy-hardy/e7351ef778-1646837252/andrew-top-540x.png]
[dennissnellenberg.com/media/pages/work/andy-hardy/236da9b65c-1646837253/andy-portfolio.mp4]
[dennissnellenberg.com/media/pages/work/andy-hardy/3f8c4b78da-1646837255/andy-hardy-people-accomodation-photographer-filmmaker-australia-16-2160x2160-540x.jpg]
[dennissnellenberg.com/media/pages/work/andy-hardy/d40cb84e16-1646837253/andy-mobile-1-540x.jpg]
[dennissnellenberg.com/media/pages/work/andy-hardy/515aae6c00-1646837251/andy-mobile-3-540x.jpg]
[dennissnellenberg.com/media/pages/work/andy-hardy/1346fc8089-1646837254/andy-mobile-4-540x.jpg]
[dennissnellenberg.com/media/pages/work/andy-hardy/d6de27f147-1646837256/andy-screen-personal-540x.jpg]
[dennissnellenberg.com/work/andy-hardy.html]
[dennissnellenberg.com/media/pages/work/andy-hardy/ba441862af-1646837254/andy-screen-interaction.mp4]
[dennissnellenberg.com/media/pages/work/sunlight/f5cc94db55-1646837283/thumbnail-sunlight-v3-860x540-crop-q72.jpg]
[dennissnellenberg.com/media/pages/work/sunlight/1f937ae68e-1646837284/sunlight-screen-home-scroll.mp4]
[dennissnellenberg.com/assets/img/device-mbp-15.png]
[dennissnellenberg.com/media/pages/work/sunlight/0a76742571-1646837287/sunlight-mobile-4-540x.jpg]
[dennissnellenberg.com/media/pages/work/sunlight/8125783955-1646837286/sunlight-mobile-1-540x.jpg]
[dennissnellenberg.com/media/pages/work/sunlight/e8fe747b5c-1646837286/sunlight-mobile-2-540x.jpg]
[dennissnellenberg.com/media/pages/work/sunlight/7e00f4aa1a-1646837288/sunlight-fullwidth-data-short.mp4]
[dennissnellenberg.com/media/pages/work/sunlight/657f930f9a-1646837286/sunlight-screen-pricing-540x.jpg]
[dennissnellenberg.com/media/pages/work/sunlight/d0c86c2d6a-1646837285/sunlight-screen-diagram.mp4]
[dennissnellenberg.com/work/sunlight.html]
[dennissnellenberg.com/archive.html]
[dennissnellenberg.com/media/pages/work/one-nil/cf8d6eb3fa-1646837265/onenil-nav-bar.svg]
[dennissnellenberg.com/media/pages/work/sunlight/e9ede33687-1646837287/sunlight-case-header.svg]
